<?xml version="1.0" encoding="UTF-8"?>
<testsuite xmlns:xsi="http://www.w3.org/2001/XMLSchema-instance" xsi:noNamespaceSchemaLocation="https://maven.apache.org/surefire/maven-surefire-plugin/xsd/surefire-test-report.xsd" name="RegistrationTest" time="7.754" tests="2" errors="0" skipped="0" failures="0">
  <properties>
[...]
</properties>
  <testcase name="incorrectPasswordRegistration" classname="RegistrationTest" time="1.354"/>
  <testcase name="successfulRegistration" classname="RegistrationTest" time="6.4"/>
</testsuite>